<?xml version="1.0" encoding="utf-8"?><testsuites name="pytest tests"><testsuite name="pytest" errors="0" failures="0" skipped="0" tests="2" time="0.488" timestamp="2025-09-09T11:54:27.952868+00:00" hostname="3b1e13dc5089"><testcase classname="tests.core_tests.test_database.TestDatabaseIntegration" name="test_database_connection" time="0.327" /><testcase classname="tests.core_tests.test_database.TestDatabaseIntegration" name="test_complex_query_performance" time="0.148" /></testsuite></testsuites>