<?xml version="1.0" encoding="utf-8"?><testsuites name="pytest tests"><testsuite name="pytest" errors="0" failures="0" skipped="0" tests="3" time="0.643" timestamp="2025-09-09T11:54:24.672725+00:00" hostname="3b1e13dc5089"><testcase classname="tests.core_tests.test_units.TestCoreUnits" name="test_user_creation" time="0.465" /><testcase classname="tests.core_tests.test_units.TestCoreUnits" name="test_post_creation" time="0.118" /><testcase classname="tests.core_tests.test_units.TestCoreUnits" name="test_register_form_validation" time="0.048" /></testsuite></testsuites>